<?xml version="1.0" encoding="UTF-8"?>
<!-- Generated by org.testng.reporters.JUnitXMLReporter -->
<testsuite ignored="0" hostname="DESKTOP-5G78EO0" failures="2" tests="4" name="Login" time="80.265" errors="0" timestamp="2022-11-03T20:05:03 IST">
  <testcase classname="Testcase.TC_Login_DataDriven" name="loginHrm" time="6.597"/>
  <testcase classname="Testcase.TC_Login_DataDriven" name="loginHrm" time="13.467">
    <failure type="java.lang.AssertionError" message="expected [true] but found [false]">
      <![CDATA[java.lang.AssertionError: expected [true] but found [false]
at Testcase.TC_Login_DataDriven.loginHrm(TC_Login_DataDriven.java:37)
at java.base/java.util.ArrayList.forEach(ArrayList.java:1511)
... Removed 35 stack frames]]>
    </failure>
  </testcase> <!-- loginHrm -->
  <testcase classname="Testcase.TC_Login_DataDriven" name="loginHrm" time="12.813">
    <failure type="java.lang.AssertionError" message="expected [true] but found [false]">
      <![CDATA[java.lang.AssertionError: expected [true] but found [false]
at Testcase.TC_Login_DataDriven.loginHrm(TC_Login_DataDriven.java:37)
at java.base/java.util.ArrayList.forEach(ArrayList.java:1511)
... Removed 35 stack frames]]>
    </failure>
  </testcase> <!-- loginHrm -->
  <testcase classname="Testcase.TC_Login_DataDriven" name="loginHrm" time="5.337"/>
</testsuite> <!-- Login -->
